2018/09/14 15:32:57 [INFO] Terraform version: 0.11.7  41e50bd32a8825a84535e353c3674af8ce799161
2018/09/14 15:32:57 [INFO] Go runtime version: go1.10.1
2018/09/14 15:32:57 [INFO] CLI args: []string{"/usr/local/Cellar/tfenv/0.6.0/versions/0.11.7/terraform", "apply"}
2018/09/14 15:32:57 [DEBUG] Attempting to open CLI config file: /Users/tobylornewelchrichards/.terraformrc
2018/09/14 15:32:57 [DEBUG] File doesn't exist, but doesn't need to. Ignoring.
2018/09/14 15:32:57 [INFO] CLI command args: []string{"apply"}
2018/09/14 15:32:57 [INFO] command: empty backend config, returning nil
2018/09/14 15:32:57 [DEBUG] command: no data state file found for backend config
2018/09/14 15:32:57 [DEBUG] New state was assigned lineage "73705433-083b-05e0-fa40-9c8e2ce0b0b6"
2018/09/14 15:32:57 [INFO] command: backend initialized: <nil>
2018/09/14 15:32:57 [DEBUG] checking for provider in "."
2018/09/14 15:32:57 [WARN] found legacy provider "terraform-provider-paas"
2018/09/14 15:32:57 [DEBUG] checking for provider in "/usr/local/Cellar/tfenv/0.6.0/versions/0.11.7"
2018/09/14 15:32:57 [DEBUG] checking for provider in ".terraform/plugins/darwin_amd64"
2018/09/14 15:32:57 [DEBUG] checking for provider in "/Users/tobylornewelchrichards/.terraform.d/plugins"
2018/09/14 15:32:57 [DEBUG] found valid plugin: "paas", "0.0.0", "/Users/tobylornewelchrichards/go/src/github.com/alphagov/paas-terraform-provider/terraform-provider-paas"
2018/09/14 15:32:57 [DEBUG] checking for provisioner in "."
2018/09/14 15:32:57 [DEBUG] checking for provisioner in "/usr/local/Cellar/tfenv/0.6.0/versions/0.11.7"
2018/09/14 15:32:57 [DEBUG] checking for provisioner in ".terraform/plugins/darwin_amd64"
2018/09/14 15:32:57 [DEBUG] checking for provisioner in "/Users/tobylornewelchrichards/.terraform.d/plugins"
2018/09/14 15:32:57 [INFO] command: backend <nil> is not enhanced, wrapping in local
2018/09/14 15:32:57 [INFO] backend/local: starting Apply operation
2018/09/14 15:32:57 [TRACE] Preserving existing state lineage "10523cc9-c42a-4c78-d185-971ef63c0090"
2018/09/14 15:32:57 [TRACE] Preserving existing state lineage "10523cc9-c42a-4c78-d185-971ef63c0090"
2018/09/14 15:32:57 [INFO] terraform: building graph: GraphTypeInput
2018/09/14 15:32:57 [TRACE] ConfigTransformer: Starting for path: []
2018/09/14 15:32:57 [TRACE] Graph after step *terraform.ConfigTransformer:

data.paas_org.admin - *terraform.NodeAbstractResource
2018/09/14 15:32:57 [TRACE] Graph after step *terraform.LocalTransformer:

data.paas_org.admin - *terraform.NodeAbstractResource
2018/09/14 15:32:57 [TRACE] Graph after step *terraform.OutputTransformer:

data.paas_org.admin - *terraform.NodeAbstractResource
2018/09/14 15:32:57 [TRACE] Graph after step *terraform.OrphanResourceTransformer:

data.paas_org.admin - *terraform.NodeAbstractResource
2018/09/14 15:32:57 [TRACE] Graph after step *terraform.OrphanOutputTransformer:

data.paas_org.admin - *terraform.NodeAbstractResource
2018/09/14 15:32:57 [TRACE] AttachResourceConfigTransformer: Beginning...
2018/09/14 15:32:57 [TRACE] AttachResourceConfigTransformer: Attach resource config request: data.paas_org.admin
2018/09/14 15:32:57 [TRACE] Attaching resource config: &config.Resource{Mode:1, Name:"admin", Type:"paas_org", RawCount:(*config.RawConfig)(0xc42045c070), RawConfig:(*config.RawConfig)(0xc42045c000), Provisioners:[]*config.Provisioner{}, Provider:"", DependsOn:[]string(nil), Lifecycle:config.ResourceLifecycle{CreateBeforeDestroy:false, PreventDestroy:false, IgnoreChanges:[]string(nil)}}
2018/09/14 15:32:57 [TRACE] Graph after step *terraform.AttachResourceConfigTransformer:

data.paas_org.admin - *terraform.NodeAbstractResource
2018/09/14 15:32:57 [DEBUG] Resource state not found for "data.paas_org.admin": data.paas_org.admin
2018/09/14 15:32:57 [TRACE] Graph after step *terraform.AttachStateTransformer:

data.paas_org.admin - *terraform.NodeAbstractResource
2018/09/14 15:32:57 [TRACE] Graph after step *terraform.RootVariableTransformer:

data.paas_org.admin - *terraform.NodeAbstractResource
2018/09/14 15:32:57 [TRACE] ProviderConfigTransformer: Starting for path: []
2018/09/14 15:32:57 [TRACE] Attach provider request: []string{} paas
2018/09/14 15:32:57 [TRACE] Attaching provider config: *config.ProviderConfig{Name:"paas", Alias:"", Version:"", RawConfig:(*config.RawConfig)(0xc420299b20)}
2018/09/14 15:32:57 [TRACE] Graph after step *terraform.ProviderConfigTransformer:

data.paas_org.admin - *terraform.NodeAbstractResource
provider.paas - *terraform.NodeApplyableProvider
2018/09/14 15:32:57 [TRACE] Graph after step *terraform.MissingProviderTransformer:

data.paas_org.admin - *terraform.NodeAbstractResource
provider.paas - *terraform.NodeApplyableProvider
2018/09/14 15:32:57 [DEBUG] resource data.paas_org.admin using provider provider.paas
2018/09/14 15:32:57 [TRACE] Graph after step *terraform.ProviderTransformer:

data.paas_org.admin - *terraform.NodeAbstractResource
  provider.paas - *terraform.NodeApplyableProvider
provider.paas - *terraform.NodeApplyableProvider
2018/09/14 15:32:57 [TRACE] Graph after step *terraform.PruneProviderTransformer:

data.paas_org.admin - *terraform.NodeAbstractResource
  provider.paas - *terraform.NodeApplyableProvider
provider.paas - *terraform.NodeApplyableProvider
2018/09/14 15:32:57 [TRACE] Graph after step *terraform.ParentProviderTransformer:

data.paas_org.admin - *terraform.NodeAbstractResource
  provider.paas - *terraform.NodeApplyableProvider
provider.paas - *terraform.NodeApplyableProvider
2018/09/14 15:32:57 [TRACE] Graph after step *terraform.graphTransformerMulti:

data.paas_org.admin - *terraform.NodeAbstractResource
  provider.paas - *terraform.NodeApplyableProvider
provider.paas - *terraform.NodeApplyableProvider
2018/09/14 15:32:57 [TRACE] Graph after step *terraform.ModuleVariableTransformer:

data.paas_org.admin - *terraform.NodeAbstractResource
  provider.paas - *terraform.NodeApplyableProvider
provider.paas - *terraform.NodeApplyableProvider
2018/09/14 15:32:57 [TRACE] Graph after step *terraform.RemovedModuleTransformer:

data.paas_org.admin - *terraform.NodeAbstractResource
  provider.paas - *terraform.NodeApplyableProvider
provider.paas - *terraform.NodeApplyableProvider
2018/09/14 15:32:57 [DEBUG] ReferenceTransformer: "data.paas_org.admin" references: []
2018/09/14 15:32:57 [DEBUG] ReferenceTransformer: "provider.paas" references: []
2018/09/14 15:32:57 [TRACE] Graph after step *terraform.ReferenceTransformer:

data.paas_org.admin - *terraform.NodeAbstractResource
  provider.paas - *terraform.NodeApplyableProvider
provider.paas - *terraform.NodeApplyableProvider
2018/09/14 15:32:57 [TRACE] Graph after step *terraform.CountBoundaryTransformer:

data.paas_org.admin - *terraform.NodeAbstractResource
  provider.paas - *terraform.NodeApplyableProvider
meta.count-boundary (count boundary fixup) - *terraform.NodeCountBoundary
  data.paas_org.admin - *terraform.NodeAbstractResource
  provider.paas - *terraform.NodeApplyableProvider
provider.paas - *terraform.NodeApplyableProvider
2018/09/14 15:32:57 [TRACE] Graph after step *terraform.TargetsTransformer:

data.paas_org.admin - *terraform.NodeAbstractResource
  provider.paas - *terraform.NodeApplyableProvider
meta.count-boundary (count boundary fixup) - *terraform.NodeCountBoundary
  data.paas_org.admin - *terraform.NodeAbstractResource
  provider.paas - *terraform.NodeApplyableProvider
provider.paas - *terraform.NodeApplyableProvider
2018/09/14 15:32:57 [TRACE] Graph after step *terraform.CloseProviderTransformer:

data.paas_org.admin - *terraform.NodeAbstractResource
  provider.paas - *terraform.NodeApplyableProvider
meta.count-boundary (count boundary fixup) - *terraform.NodeCountBoundary
  data.paas_org.admin - *terraform.NodeAbstractResource
  provider.paas - *terraform.NodeApplyableProvider
provider.paas - *terraform.NodeApplyableProvider
provider.paas (close) - *terraform.graphNodeCloseProvider
  data.paas_org.admin - *terraform.NodeAbstractResource
  provider.paas - *terraform.NodeApplyableProvider
2018/09/14 15:32:57 [TRACE] Graph after step *terraform.CloseProvisionerTransformer:

data.paas_org.admin - *terraform.NodeAbstractResource
  provider.paas - *terraform.NodeApplyableProvider
meta.count-boundary (count boundary fixup) - *terraform.NodeCountBoundary
  data.paas_org.admin - *terraform.NodeAbstractResource
  provider.paas - *terraform.NodeApplyableProvider
provider.paas - *terraform.NodeApplyableProvider
provider.paas (close) - *terraform.graphNodeCloseProvider
  data.paas_org.admin - *terraform.NodeAbstractResource
  provider.paas - *terraform.NodeApplyableProvider
2018/09/14 15:32:57 [TRACE] Graph after step *terraform.RootTransformer:

data.paas_org.admin - *terraform.NodeAbstractResource
  provider.paas - *terraform.NodeApplyableProvider
meta.count-boundary (count boundary fixup) - *terraform.NodeCountBoundary
  data.paas_org.admin - *terraform.NodeAbstractResource
  provider.paas - *terraform.NodeApplyableProvider
provider.paas - *terraform.NodeApplyableProvider
provider.paas (close) - *terraform.graphNodeCloseProvider
  data.paas_org.admin - *terraform.NodeAbstractResource
  provider.paas - *terraform.NodeApplyableProvider
root - terraform.graphNodeRoot
  meta.count-boundary (count boundary fixup) - *terraform.NodeCountBoundary
  provider.paas (close) - *terraform.graphNodeCloseProvider
2018/09/14 15:32:57 [TRACE] Graph after step *terraform.TransitiveReductionTransformer:

data.paas_org.admin - *terraform.NodeAbstractResource
  provider.paas - *terraform.NodeApplyableProvider
meta.count-boundary (count boundary fixup) - *terraform.NodeCountBoundary
  data.paas_org.admin - *terraform.NodeAbstractResource
provider.paas - *terraform.NodeApplyableProvider
provider.paas (close) - *terraform.graphNodeCloseProvider
  data.paas_org.admin - *terraform.NodeAbstractResource
root - terraform.graphNodeRoot
  meta.count-boundary (count boundary fixup) - *terraform.NodeCountBoundary
  provider.paas (close) - *terraform.graphNodeCloseProvider
2018/09/14 15:32:57 [DEBUG] Starting graph walk: walkInput
2018/09/14 15:32:57 [TRACE] dag/walk: added new vertex: "meta.count-boundary (count boundary fixup)"
2018/09/14 15:32:57 [TRACE] dag/walk: added new vertex: "provider.paas (close)"
2018/09/14 15:32:57 [TRACE] dag/walk: added new vertex: "root"
2018/09/14 15:32:57 [TRACE] dag/walk: added new vertex: "data.paas_org.admin"
2018/09/14 15:32:57 [TRACE] dag/walk: added new vertex: "provider.paas"
2018/09/14 15:32:57 [TRACE] dag/walk: added edge: "root" waiting on "provider.paas (close)"
2018/09/14 15:32:57 [TRACE] dag/walk: added edge: "data.paas_org.admin" waiting on "provider.paas"
2018/09/14 15:32:57 [TRACE] dag/walk: added edge: "meta.count-boundary (count boundary fixup)" waiting on "data.paas_org.admin"
2018/09/14 15:32:57 [TRACE] dag/walk: added edge: "provider.paas (close)" waiting on "data.paas_org.admin"
2018/09/14 15:32:57 [TRACE] dag/walk: added edge: "root" waiting on "meta.count-boundary (count boundary fixup)"
2018/09/14 15:32:57 [TRACE] dag/walk: dependencies changed for "root", sending new deps
2018/09/14 15:32:57 [TRACE] dag/walk: dependencies changed for "data.paas_org.admin", sending new deps
2018/09/14 15:32:57 [TRACE] dag/walk: dependencies changed for "meta.count-boundary (count boundary fixup)", sending new deps
2018/09/14 15:32:57 [TRACE] dag/walk: dependencies changed for "provider.paas (close)", sending new deps
2018/09/14 15:32:57 [TRACE] dag/walk: walking "provider.paas"
2018/09/14 15:32:57 [TRACE] vertex 'root.provider.paas': walking
2018/09/14 15:32:57 [TRACE] vertex 'root.provider.paas': evaluating
2018/09/14 15:32:57 [TRACE] [walkInput] Entering eval tree: provider.paas
2018/09/14 15:32:57 [TRACE] root: eval: *terraform.EvalSequence
2018/09/14 15:32:57 [TRACE] root: eval: *terraform.EvalInitProvider
2018-09-14T15:32:57.890+0100 [DEBUG] plugin: starting plugin: path=/Users/tobylornewelchrichards/go/src/github.com/alphagov/paas-terraform-provider/terraform-provider-paas args=[/Users/tobylornewelchrichards/go/src/github.com/alphagov/paas-terraform-provider/terraform-provider-paas]
2018-09-14T15:32:57.896+0100 [DEBUG] plugin: waiting for RPC address: path=/Users/tobylornewelchrichards/go/src/github.com/alphagov/paas-terraform-provider/terraform-provider-paas
2018-09-14T15:32:57.909+0100 [DEBUG] plugin.terraform-provider-paas: plugin address: timestamp=2018-09-14T15:32:57.908+0100 network=unix address=/var/folders/07/hk_zmrd13zg_3q3l6p6_d9gr000111/T/plugin989100299
2018/09/14 15:32:57 [TRACE] root: eval: *terraform.EvalOpFilter
2018/09/14 15:32:57 [TRACE] root: eval: *terraform.EvalSequence
2018/09/14 15:32:57 [TRACE] root: eval: *terraform.EvalGetProvider
2018/09/14 15:32:57 [TRACE] root: eval: *terraform.EvalInterpolateProvider
2018/09/14 15:32:57 [TRACE] root: eval: *terraform.EvalBuildProviderConfig
2018/09/14 15:32:57 [TRACE] root: eval: *terraform.EvalInputProvider
2018/09/14 15:32:57 [TRACE] root: eval: terraform.EvalNoop
2018/09/14 15:32:57 [TRACE] root: eval: terraform.EvalNoop
2018/09/14 15:32:57 [TRACE] root: eval: terraform.EvalNoop
2018/09/14 15:32:57 [TRACE] [walkInput] Exiting eval tree: provider.paas
2018/09/14 15:32:57 [TRACE] dag/walk: walking "data.paas_org.admin"
2018/09/14 15:32:57 [TRACE] vertex 'root.data.paas_org.admin': walking
2018/09/14 15:32:57 [TRACE] dag/walk: walking "meta.count-boundary (count boundary fixup)"
2018/09/14 15:32:57 [TRACE] vertex 'root.meta.count-boundary (count boundary fixup)': walking
2018/09/14 15:32:57 [TRACE] dag/walk: walking "provider.paas (close)"
2018/09/14 15:32:57 [TRACE] vertex 'root.provider.paas (close)': walking
2018/09/14 15:32:57 [TRACE] vertex 'root.meta.count-boundary (count boundary fixup)': evaluating
2018/09/14 15:32:57 [TRACE] vertex 'root.provider.paas (close)': evaluating
2018/09/14 15:32:57 [TRACE] [walkInput] Entering eval tree: provider.paas (close)
2018/09/14 15:32:57 [TRACE] [walkInput] Entering eval tree: meta.count-boundary (count boundary fixup)
2018/09/14 15:32:57 [TRACE] root: eval: *terraform.EvalCloseProvider
2018/09/14 15:32:57 [TRACE] root: eval: *terraform.EvalCountFixZeroOneBoundaryGlobal
2018/09/14 15:32:57 [TRACE] [walkInput] Exiting eval tree: meta.count-boundary (count boundary fixup)
2018/09/14 15:32:57 [TRACE] [walkInput] Exiting eval tree: provider.paas (close)
2018/09/14 15:32:57 [TRACE] dag/walk: walking "root"
2018/09/14 15:32:57 [TRACE] vertex 'root.root': walking
2018/09/14 15:32:57 [INFO] terraform: building graph: GraphTypeValidate
2018/09/14 15:32:57 [TRACE] ConfigTransformer: Starting for path: []
2018/09/14 15:32:57 [TRACE] Graph after step *terraform.ConfigTransformer:

data.paas_org.admin - *terraform.NodeValidatableResource
2018/09/14 15:32:57 [TRACE] Graph after step *terraform.LocalTransformer:

data.paas_org.admin - *terraform.NodeValidatableResource
2018/09/14 15:32:57 [TRACE] Graph after step *terraform.OutputTransformer:

data.paas_org.admin - *terraform.NodeValidatableResource
2018/09/14 15:32:57 [TRACE] Graph after step *terraform.OrphanResourceTransformer:

data.paas_org.admin - *terraform.NodeValidatableResource
2018/09/14 15:32:57 [TRACE] Graph after step *terraform.OrphanOutputTransformer:

data.paas_org.admin - *terraform.NodeValidatableResource
2018/09/14 15:32:57 [TRACE] AttachResourceConfigTransformer: Beginning...
2018/09/14 15:32:57 [TRACE] AttachResourceConfigTransformer: Attach resource config request: data.paas_org.admin
2018/09/14 15:32:57 [TRACE] Attaching resource config: &config.Resource{Mode:1, Name:"admin", Type:"paas_org", RawCount:(*config.RawConfig)(0xc42045c070), RawConfig:(*config.RawConfig)(0xc42045c000), Provisioners:[]*config.Provisioner{}, Provider:"", DependsOn:[]string(nil), Lifecycle:config.ResourceLifecycle{CreateBeforeDestroy:false, PreventDestroy:false, IgnoreChanges:[]string(nil)}}
2018/09/14 15:32:57 [TRACE] Graph after step *terraform.AttachResourceConfigTransformer:

data.paas_org.admin - *terraform.NodeValidatableResource
2018/09/14 15:32:57 [DEBUG] Resource state not found for "data.paas_org.admin": data.paas_org.admin
2018/09/14 15:32:57 [TRACE] Graph after step *terraform.AttachStateTransformer:

data.paas_org.admin - *terraform.NodeValidatableResource
2018/09/14 15:32:57 [TRACE] Graph after step *terraform.RootVariableTransformer:

data.paas_org.admin - *terraform.NodeValidatableResource
2018/09/14 15:32:57 [TRACE] ProviderConfigTransformer: Starting for path: []
2018/09/14 15:32:57 [TRACE] Attach provider request: []string{} paas
2018/09/14 15:32:57 [TRACE] Attaching provider config: *config.ProviderConfig{Name:"paas", Alias:"", Version:"", RawConfig:(*config.RawConfig)(0xc420299b20)}
2018/09/14 15:32:57 [TRACE] Graph after step *terraform.ProviderConfigTransformer:

data.paas_org.admin - *terraform.NodeValidatableResource
provider.paas - *terraform.NodeApplyableProvider
2018/09/14 15:32:57 [TRACE] Graph after step *terraform.MissingProviderTransformer:

data.paas_org.admin - *terraform.NodeValidatableResource
provider.paas - *terraform.NodeApplyableProvider
2018/09/14 15:32:57 [DEBUG] resource data.paas_org.admin using provider provider.paas
2018/09/14 15:32:57 [TRACE] Graph after step *terraform.ProviderTransformer:

data.paas_org.admin - *terraform.NodeValidatableResource
  provider.paas - *terraform.NodeApplyableProvider
provider.paas - *terraform.NodeApplyableProvider
2018/09/14 15:32:57 [TRACE] Graph after step *terraform.PruneProviderTransformer:

data.paas_org.admin - *terraform.NodeValidatableResource
  provider.paas - *terraform.NodeApplyableProvider
provider.paas - *terraform.NodeApplyableProvider
2018/09/14 15:32:57 [TRACE] Graph after step *terraform.ParentProviderTransformer:

data.paas_org.admin - *terraform.NodeValidatableResource
  provider.paas - *terraform.NodeApplyableProvider
provider.paas - *terraform.NodeApplyableProvider
2018/09/14 15:32:57 [TRACE] Graph after step *terraform.graphTransformerMulti:

data.paas_org.admin - *terraform.NodeValidatableResource
  provider.paas - *terraform.NodeApplyableProvider
provider.paas - *terraform.NodeApplyableProvider
2018/09/14 15:32:57 [TRACE] Graph after step *terraform.MissingProvisionerTransformer:

data.paas_org.admin - *terraform.NodeValidatableResource
  provider.paas - *terraform.NodeApplyableProvider
provider.paas - *terraform.NodeApplyableProvider
2018/09/14 15:32:57 [TRACE] Graph after step *terraform.ProvisionerTransformer:

data.paas_org.admin - *terraform.NodeValidatableResource
  provider.paas - *terraform.NodeApplyableProvider
provider.paas - *terraform.NodeApplyableProvider
2018/09/14 15:32:57 [TRACE] Graph after step *terraform.graphTransformerMulti:

data.paas_org.admin - *terraform.NodeValidatableResource
  provider.paas - *terraform.NodeApplyableProvider
provider.paas - *terraform.NodeApplyableProvider
2018/09/14 15:32:57 [TRACE] Graph after step *terraform.ModuleVariableTransformer:

data.paas_org.admin - *terraform.NodeValidatableResource
  provider.paas - *terraform.NodeApplyableProvider
provider.paas - *terraform.NodeApplyableProvider
2018/09/14 15:32:57 [TRACE] Graph after step *terraform.RemovedModuleTransformer:

data.paas_org.admin - *terraform.NodeValidatableResource
  provider.paas - *terraform.NodeApplyableProvider
provider.paas - *terraform.NodeApplyableProvider
2018/09/14 15:32:57 [DEBUG] ReferenceTransformer: "data.paas_org.admin" references: []
2018/09/14 15:32:57 [DEBUG] ReferenceTransformer: "provider.paas" references: []
2018/09/14 15:32:57 [TRACE] Graph after step *terraform.ReferenceTransformer:

data.paas_org.admin - *terraform.NodeValidatableResource
  provider.paas - *terraform.NodeApplyableProvider
provider.paas - *terraform.NodeApplyableProvider
2018/09/14 15:32:57 [TRACE] Graph after step *terraform.CountBoundaryTransformer:

data.paas_org.admin - *terraform.NodeValidatableResource
  provider.paas - *terraform.NodeApplyableProvider
meta.count-boundary (count boundary fixup) - *terraform.NodeCountBoundary
  data.paas_org.admin - *terraform.NodeValidatableResource
  provider.paas - *terraform.NodeApplyableProvider
provider.paas - *terraform.NodeApplyableProvider
2018/09/14 15:32:57 [TRACE] Graph after step *terraform.TargetsTransformer:

data.paas_org.admin - *terraform.NodeValidatableResource
  provider.paas - *terraform.NodeApplyableProvider
meta.count-boundary (count boundary fixup) - *terraform.NodeCountBoundary
  data.paas_org.admin - *terraform.NodeValidatableResource
  provider.paas - *terraform.NodeApplyableProvider
provider.paas - *terraform.NodeApplyableProvider
2018/09/14 15:32:57 [TRACE] Graph after step *terraform.CloseProviderTransformer:

data.paas_org.admin - *terraform.NodeValidatableResource
  provider.paas - *terraform.NodeApplyableProvider
meta.count-boundary (count boundary fixup) - *terraform.NodeCountBoundary
  data.paas_org.admin - *terraform.NodeValidatableResource
  provider.paas - *terraform.NodeApplyableProvider
provider.paas - *terraform.NodeApplyableProvider
provider.paas (close) - *terraform.graphNodeCloseProvider
  data.paas_org.admin - *terraform.NodeValidatableResource
  provider.paas - *terraform.NodeApplyableProvider
2018/09/14 15:32:57 [TRACE] Graph after step *terraform.CloseProvisionerTransformer:

data.paas_org.admin - *terraform.NodeValidatableResource
  provider.paas - *terraform.NodeApplyableProvider
meta.count-boundary (count boundary fixup) - *terraform.NodeCountBoundary
  data.paas_org.admin - *terraform.NodeValidatableResource
  provider.paas - *terraform.NodeApplyableProvider
provider.paas - *terraform.NodeApplyableProvider
provider.paas (close) - *terraform.graphNodeCloseProvider
  data.paas_org.admin - *terraform.NodeValidatableResource
  provider.paas - *terraform.NodeApplyableProvider
2018/09/14 15:32:57 [TRACE] Graph after step *terraform.RootTransformer:

data.paas_org.admin - *terraform.NodeValidatableResource
  provider.paas - *terraform.NodeApplyableProvider
meta.count-boundary (count boundary fixup) - *terraform.NodeCountBoundary
  data.paas_org.admin - *terraform.NodeValidatableResource
  provider.paas - *terraform.NodeApplyableProvider
provider.paas - *terraform.NodeApplyableProvider
provider.paas (close) - *terraform.graphNodeCloseProvider
  data.paas_org.admin - *terraform.NodeValidatableResource
  provider.paas - *terraform.NodeApplyableProvider
root - terraform.graphNodeRoot
  meta.count-boundary (count boundary fixup) - *terraform.NodeCountBoundary
  provider.paas (close) - *terraform.graphNodeCloseProvider
2018/09/14 15:32:57 [TRACE] Graph after step *terraform.TransitiveReductionTransformer:

data.paas_org.admin - *terraform.NodeValidatableResource
  provider.paas - *terraform.NodeApplyableProvider
meta.count-boundary (count boundary fixup) - *terraform.NodeCountBoundary
  data.paas_org.admin - *terraform.NodeValidatableResource
provider.paas - *terraform.NodeApplyableProvider
provider.paas (close) - *terraform.graphNodeCloseProvider
  data.paas_org.admin - *terraform.NodeValidatableResource
root - terraform.graphNodeRoot
  meta.count-boundary (count boundary fixup) - *terraform.NodeCountBoundary
  provider.paas (close) - *terraform.graphNodeCloseProvider
2018/09/14 15:32:57 [DEBUG] Starting graph walk: walkValidate
2018/09/14 15:32:57 [TRACE] dag/walk: added new vertex: "provider.paas (close)"
2018/09/14 15:32:57 [TRACE] dag/walk: added new vertex: "root"
2018/09/14 15:32:57 [TRACE] dag/walk: added new vertex: "data.paas_org.admin"
2018/09/14 15:32:57 [TRACE] dag/walk: added new vertex: "provider.paas"
2018/09/14 15:32:57 [TRACE] dag/walk: added new vertex: "meta.count-boundary (count boundary fixup)"
2018/09/14 15:32:57 [TRACE] dag/walk: added edge: "meta.count-boundary (count boundary fixup)" waiting on "data.paas_org.admin"
2018/09/14 15:32:57 [TRACE] dag/walk: added edge: "provider.paas (close)" waiting on "data.paas_org.admin"
2018/09/14 15:32:57 [TRACE] dag/walk: added edge: "root" waiting on "meta.count-boundary (count boundary fixup)"
2018/09/14 15:32:57 [TRACE] dag/walk: added edge: "root" waiting on "provider.paas (close)"
2018/09/14 15:32:57 [TRACE] dag/walk: added edge: "data.paas_org.admin" waiting on "provider.paas"
2018/09/14 15:32:57 [TRACE] dag/walk: dependencies changed for "meta.count-boundary (count boundary fixup)", sending new deps
2018/09/14 15:32:57 [TRACE] dag/walk: dependencies changed for "provider.paas (close)", sending new deps
2018/09/14 15:32:57 [TRACE] dag/walk: dependencies changed for "root", sending new deps
2018/09/14 15:32:57 [TRACE] dag/walk: dependencies changed for "data.paas_org.admin", sending new deps
2018/09/14 15:32:57 [TRACE] dag/walk: walking "provider.paas"
2018/09/14 15:32:57 [TRACE] vertex 'root.provider.paas': walking
2018/09/14 15:32:57 [TRACE] vertex 'root.provider.paas': evaluating
2018/09/14 15:32:57 [TRACE] [walkValidate] Entering eval tree: provider.paas
2018/09/14 15:32:57 [TRACE] root: eval: *terraform.EvalSequence
2018/09/14 15:32:57 [TRACE] root: eval: *terraform.EvalInitProvider
2018/09/14 15:32:57 [TRACE] root: eval: terraform.EvalNoop
2018/09/14 15:32:57 [TRACE] root: eval: *terraform.EvalOpFilter
2018/09/14 15:32:57 [TRACE] root: eval: *terraform.EvalSequence
2018/09/14 15:32:57 [TRACE] root: eval: *terraform.EvalGetProvider
2018/09/14 15:32:57 [TRACE] root: eval: *terraform.EvalInterpolateProvider
2018/09/14 15:32:57 [TRACE] root: eval: *terraform.EvalBuildProviderConfig
2018/09/14 15:32:57 [TRACE] root: eval: *terraform.EvalValidateProvider
2018/09/14 15:32:57 [TRACE] root: eval: terraform.EvalNoop
2018/09/14 15:32:57 [TRACE] root: eval: terraform.EvalNoop
2018/09/14 15:32:57 [TRACE] [walkValidate] Exiting eval tree: provider.paas
2018/09/14 15:32:57 [TRACE] dag/walk: walking "data.paas_org.admin"
2018/09/14 15:32:57 [TRACE] vertex 'root.data.paas_org.admin': walking
2018/09/14 15:32:57 [TRACE] vertex 'root.data.paas_org.admin': evaluating
2018/09/14 15:32:57 [TRACE] [walkValidate] Entering eval tree: data.paas_org.admin
2018/09/14 15:32:57 [TRACE] root: eval: *terraform.EvalSequence
2018/09/14 15:32:57 [TRACE] root: eval: *terraform.EvalInterpolate
2018/09/14 15:32:57 [TRACE] root: eval: *terraform.EvalIf
2018/09/14 15:32:57 [TRACE] root: eval: *terraform.EvalValidateCount
2018/09/14 15:32:57 [TRACE] root: eval: *terraform.EvalCountFixZeroOneBoundary
2018/09/14 15:32:57 [TRACE] [walkValidate] Exiting eval tree: data.paas_org.admin
2018/09/14 15:32:57 [TRACE] vertex 'root.data.paas_org.admin': expanding/walking dynamic subgraph
2018/09/14 15:32:57 [TRACE] Graph after step *terraform.ResourceCountTransformer:

data.paas_org.admin - *terraform.NodeValidatableResourceInstance
2018/09/14 15:32:57 [DEBUG] Resource state not found for "data.paas_org.admin": data.paas_org.admin
2018/09/14 15:32:57 [TRACE] Graph after step *terraform.AttachStateTransformer:

data.paas_org.admin - *terraform.NodeValidatableResourceInstance
2018/09/14 15:32:57 [TRACE] Graph after step *terraform.TargetsTransformer:

data.paas_org.admin - *terraform.NodeValidatableResourceInstance
2018/09/14 15:32:57 [DEBUG] ReferenceTransformer: "data.paas_org.admin" references: []
2018/09/14 15:32:57 [TRACE] Graph after step *terraform.ReferenceTransformer:

data.paas_org.admin - *terraform.NodeValidatableResourceInstance
2018/09/14 15:32:57 [TRACE] Graph after step *terraform.RootTransformer:

data.paas_org.admin - *terraform.NodeValidatableResourceInstance
2018/09/14 15:32:57 [TRACE] dag/walk: added new vertex: "data.paas_org.admin"
2018/09/14 15:32:57 [TRACE] dag/walk: walking "data.paas_org.admin"
2018/09/14 15:32:57 [TRACE] vertex 'root.data.paas_org.admin': walking
2018/09/14 15:32:57 [TRACE] vertex 'root.data.paas_org.admin': evaluating
2018/09/14 15:32:57 [TRACE] [walkValidate] Entering eval tree: data.paas_org.admin
2018/09/14 15:32:57 [TRACE] root: eval: *terraform.EvalSequence
2018/09/14 15:32:57 [TRACE] root: eval: *terraform.EvalValidateResourceSelfRef
2018/09/14 15:32:57 [TRACE] root: eval: *terraform.EvalGetProvider
2018/09/14 15:32:57 [TRACE] root: eval: *terraform.EvalInterpolate
2018/09/14 15:32:57 [TRACE] root: eval: *terraform.EvalValidateResource
2018/09/14 15:32:57 [TRACE] [walkValidate] Exiting eval tree: data.paas_org.admin
2018/09/14 15:32:57 [TRACE] dag/walk: walking "meta.count-boundary (count boundary fixup)"
2018/09/14 15:32:57 [TRACE] vertex 'root.meta.count-boundary (count boundary fixup)': walking
2018/09/14 15:32:57 [TRACE] vertex 'root.meta.count-boundary (count boundary fixup)': evaluating
2018/09/14 15:32:57 [TRACE] [walkValidate] Entering eval tree: meta.count-boundary (count boundary fixup)
2018/09/14 15:32:57 [TRACE] root: eval: *terraform.EvalCountFixZeroOneBoundaryGlobal
2018/09/14 15:32:57 [TRACE] [walkValidate] Exiting eval tree: meta.count-boundary (count boundary fixup)
2018/09/14 15:32:57 [TRACE] dag/walk: walking "provider.paas (close)"
2018/09/14 15:32:57 [TRACE] vertex 'root.provider.paas (close)': walking
2018/09/14 15:32:57 [TRACE] vertex 'root.provider.paas (close)': evaluating
2018/09/14 15:32:57 [TRACE] [walkValidate] Entering eval tree: provider.paas (close)
2018/09/14 15:32:57 [TRACE] root: eval: *terraform.EvalCloseProvider
2018/09/14 15:32:57 [TRACE] [walkValidate] Exiting eval tree: provider.paas (close)
2018/09/14 15:32:57 [TRACE] dag/walk: walking "root"
2018/09/14 15:32:57 [TRACE] vertex 'root.root': walking
2018/09/14 15:32:57 [INFO] backend/local: apply calling Refresh
2018/09/14 15:32:57 [INFO] terraform: building graph: GraphTypeRefresh
2018/09/14 15:32:57 [TRACE] No managed resources in state during refresh, skipping managed resource transformer
2018/09/14 15:32:57 [TRACE] ConfigTransformer: Starting for path: []
2018/09/14 15:32:57 [TRACE] Graph after step *terraform.ConfigTransformer:

data.paas_org.admin - *terraform.NodeRefreshableDataResource
2018/09/14 15:32:57 [TRACE] Graph after step *terraform.OrphanResourceTransformer:

data.paas_org.admin - *terraform.NodeRefreshableDataResource
2018/09/14 15:32:57 [DEBUG] Resource state not found for "data.paas_org.admin": data.paas_org.admin
2018/09/14 15:32:57 [TRACE] Graph after step *terraform.AttachStateTransformer:

data.paas_org.admin - *terraform.NodeRefreshableDataResource
2018/09/14 15:32:57 [TRACE] AttachResourceConfigTransformer: Beginning...
2018/09/14 15:32:57 [TRACE] AttachResourceConfigTransformer: Attach resource config request: data.paas_org.admin
2018/09/14 15:32:57 [TRACE] Attaching resource config: &config.Resource{Mode:1, Name:"admin", Type:"paas_org", RawCount:(*config.RawConfig)(0xc42045c070), RawConfig:(*config.RawConfig)(0xc42045c000), Provisioners:[]*config.Provisioner{}, Provider:"", DependsOn:[]string(nil), Lifecycle:config.ResourceLifecycle{CreateBeforeDestroy:false, PreventDestroy:false, IgnoreChanges:[]string(nil)}}
2018/09/14 15:32:57 [TRACE] Graph after step *terraform.AttachResourceConfigTransformer:

data.paas_org.admin - *terraform.NodeRefreshableDataResource
2018/09/14 15:32:57 [TRACE] Graph after step *terraform.RootVariableTransformer:

data.paas_org.admin - *terraform.NodeRefreshableDataResource
2018/09/14 15:32:57 [TRACE] ProviderConfigTransformer: Starting for path: []
2018/09/14 15:32:57 [TRACE] Attach provider request: []string{} paas
2018/09/14 15:32:57 [TRACE] Attaching provider config: *config.ProviderConfig{Name:"paas", Alias:"", Version:"", RawConfig:(*config.RawConfig)(0xc420299b20)}
2018/09/14 15:32:57 [TRACE] Graph after step *terraform.ProviderConfigTransformer:

data.paas_org.admin - *terraform.NodeRefreshableDataResource
provider.paas - *terraform.NodeApplyableProvider
2018/09/14 15:32:57 [TRACE] Graph after step *terraform.MissingProviderTransformer:

data.paas_org.admin - *terraform.NodeRefreshableDataResource
provider.paas - *terraform.NodeApplyableProvider
2018/09/14 15:32:57 [DEBUG] resource data.paas_org.admin using provider provider.paas
2018/09/14 15:32:57 [TRACE] Graph after step *terraform.ProviderTransformer:

data.paas_org.admin - *terraform.NodeRefreshableDataResource
  provider.paas - *terraform.NodeApplyableProvider
provider.paas - *terraform.NodeApplyableProvider
2018/09/14 15:32:57 [TRACE] Graph after step *terraform.PruneProviderTransformer:

data.paas_org.admin - *terraform.NodeRefreshableDataResource
  provider.paas - *terraform.NodeApplyableProvider
provider.paas - *terraform.NodeApplyableProvider
2018/09/14 15:32:57 [TRACE] Graph after step *terraform.ParentProviderTransformer:

data.paas_org.admin - *terraform.NodeRefreshableDataResource
  provider.paas - *terraform.NodeApplyableProvider
provider.paas - *terraform.NodeApplyableProvider
2018/09/14 15:32:57 [TRACE] Graph after step *terraform.graphTransformerMulti:

data.paas_org.admin - *terraform.NodeRefreshableDataResource
  provider.paas - *terraform.NodeApplyableProvider
provider.paas - *terraform.NodeApplyableProvider
2018/09/14 15:32:57 [TRACE] Graph after step *terraform.LocalTransformer:

data.paas_org.admin - *terraform.NodeRefreshableDataResource
  provider.paas - *terraform.NodeApplyableProvider
provider.paas - *terraform.NodeApplyableProvider
2018/09/14 15:32:57 [TRACE] Graph after step *terraform.OutputTransformer:

data.paas_org.admin - *terraform.NodeRefreshableDataResource
  provider.paas - *terraform.NodeApplyableProvider
provider.paas - *terraform.NodeApplyableProvider
2018/09/14 15:32:57 [TRACE] Graph after step *terraform.ModuleVariableTransformer:

data.paas_org.admin - *terraform.NodeRefreshableDataResource
  provider.paas - *terraform.NodeApplyableProvider
provider.paas - *terraform.NodeApplyableProvider
2018/09/14 15:32:57 [DEBUG] ReferenceTransformer: "data.paas_org.admin" references: []
2018/09/14 15:32:57 [DEBUG] ReferenceTransformer: "provider.paas" references: []
2018/09/14 15:32:57 [TRACE] Graph after step *terraform.ReferenceTransformer:

data.paas_org.admin - *terraform.NodeRefreshableDataResource
  provider.paas - *terraform.NodeApplyableProvider
provider.paas - *terraform.NodeApplyableProvider
2018/09/14 15:32:57 [TRACE] Graph after step *terraform.TargetsTransformer:

data.paas_org.admin - *terraform.NodeRefreshableDataResource
  provider.paas - *terraform.NodeApplyableProvider
provider.paas - *terraform.NodeApplyableProvider
2018/09/14 15:32:57 [TRACE] Graph after step *terraform.CloseProviderTransformer:

data.paas_org.admin - *terraform.NodeRefreshableDataResource
  provider.paas - *terraform.NodeApplyableProvider
provider.paas - *terraform.NodeApplyableProvider
provider.paas (close) - *terraform.graphNodeCloseProvider
  data.paas_org.admin - *terraform.NodeRefreshableDataResource
  provider.paas - *terraform.NodeApplyableProvider
2018/09/14 15:32:57 [TRACE] Graph after step *terraform.RootTransformer:

data.paas_org.admin - *terraform.NodeRefreshableDataResource
  provider.paas - *terraform.NodeApplyableProvider
provider.paas - *terraform.NodeApplyableProvider
provider.paas (close) - *terraform.graphNodeCloseProvider
  data.paas_org.admin - *terraform.NodeRefreshableDataResource
  provider.paas - *terraform.NodeApplyableProvider
2018/09/14 15:32:57 [TRACE] Graph after step *terraform.TransitiveReductionTransformer:

data.paas_org.admin - *terraform.NodeRefreshableDataResource
  provider.paas - *terraform.NodeApplyableProvider
provider.paas - *terraform.NodeApplyableProvider
provider.paas (close) - *terraform.graphNodeCloseProvider
  data.paas_org.admin - *terraform.NodeRefreshableDataResource
2018/09/14 15:32:57 [DEBUG] Starting graph walk: walkRefresh
2018/09/14 15:32:57 [TRACE] dag/walk: added new vertex: "provider.paas"
2018/09/14 15:32:57 [TRACE] dag/walk: added new vertex: "provider.paas (close)"
2018/09/14 15:32:57 [TRACE] dag/walk: added new vertex: "data.paas_org.admin"
2018/09/14 15:32:57 [TRACE] dag/walk: added edge: "data.paas_org.admin" waiting on "provider.paas"
2018/09/14 15:32:57 [TRACE] dag/walk: added edge: "provider.paas (close)" waiting on "data.paas_org.admin"
2018/09/14 15:32:57 [TRACE] dag/walk: dependencies changed for "data.paas_org.admin", sending new deps
2018/09/14 15:32:57 [TRACE] dag/walk: dependencies changed for "provider.paas (close)", sending new deps
2018/09/14 15:32:57 [TRACE] dag/walk: walking "provider.paas"
2018/09/14 15:32:57 [TRACE] vertex 'root.provider.paas': walking
2018/09/14 15:32:57 [TRACE] vertex 'root.provider.paas': evaluating
2018/09/14 15:32:57 [TRACE] [walkRefresh] Entering eval tree: provider.paas
2018/09/14 15:32:57 [TRACE] root: eval: *terraform.EvalSequence
2018/09/14 15:32:57 [TRACE] root: eval: *terraform.EvalInitProvider
2018/09/14 15:32:57 [TRACE] root: eval: terraform.EvalNoop
2018/09/14 15:32:57 [TRACE] root: eval: terraform.EvalNoop
2018/09/14 15:32:57 [TRACE] root: eval: *terraform.EvalOpFilter
2018/09/14 15:32:57 [TRACE] root: eval: *terraform.EvalSequence
2018/09/14 15:32:57 [TRACE] root: eval: *terraform.EvalGetProvider
2018/09/14 15:32:57 [TRACE] root: eval: *terraform.EvalInterpolateProvider
2018/09/14 15:32:57 [TRACE] root: eval: *terraform.EvalBuildProviderConfig
2018/09/14 15:32:57 [TRACE] root: eval: *terraform.EvalOpFilter
2018/09/14 15:32:57 [TRACE] root: eval: *terraform.EvalSequence
2018/09/14 15:32:57 [TRACE] root: eval: *terraform.EvalConfigProvider
2018/09/14 15:32:58 [TRACE] [walkRefresh] Exiting eval tree: provider.paas
2018/09/14 15:32:58 [TRACE] dag/walk: walking "data.paas_org.admin"
2018/09/14 15:32:58 [TRACE] vertex 'root.data.paas_org.admin': walking
2018/09/14 15:32:58 [TRACE] vertex 'root.data.paas_org.admin': evaluating
2018/09/14 15:32:58 [TRACE] [walkRefresh] Entering eval tree: data.paas_org.admin
2018/09/14 15:32:58 [TRACE] root: eval: *terraform.EvalSequence
2018/09/14 15:32:58 [TRACE] root: eval: *terraform.EvalInterpolate
2018/09/14 15:32:58 [TRACE] root: eval: *terraform.EvalCountCheckComputed
2018/09/14 15:32:58 [TRACE] root: eval: *terraform.EvalIf
2018/09/14 15:32:58 [TRACE] root: eval: *terraform.EvalCountFixZeroOneBoundary
2018/09/14 15:32:58 [TRACE] [walkRefresh] Exiting eval tree: data.paas_org.admin
2018/09/14 15:32:58 [TRACE] vertex 'root.data.paas_org.admin': expanding/walking dynamic subgraph
2018/09/14 15:32:58 [TRACE] Graph after step *terraform.ResourceCountTransformer:

data.paas_org.admin - *terraform.NodeRefreshableDataResourceInstance
2018/09/14 15:32:58 [TRACE] OrphanResourceCount: Starting...
2018/09/14 15:32:58 [TRACE] Graph after step *terraform.OrphanResourceCountTransformer:

data.paas_org.admin - *terraform.NodeRefreshableDataResourceInstance
2018/09/14 15:32:58 [DEBUG] Resource state not found for "data.paas_org.admin": data.paas_org.admin
2018/09/14 15:32:58 [TRACE] Graph after step *terraform.AttachStateTransformer:

data.paas_org.admin - *terraform.NodeRefreshableDataResourceInstance
2018/09/14 15:32:58 [TRACE] Graph after step *terraform.TargetsTransformer:

data.paas_org.admin - *terraform.NodeRefreshableDataResourceInstance
2018/09/14 15:32:58 [DEBUG] ReferenceTransformer: "data.paas_org.admin" references: []
2018/09/14 15:32:58 [TRACE] Graph after step *terraform.ReferenceTransformer:

data.paas_org.admin - *terraform.NodeRefreshableDataResourceInstance
2018/09/14 15:32:58 [TRACE] Graph after step *terraform.RootTransformer:

data.paas_org.admin - *terraform.NodeRefreshableDataResourceInstance
2018/09/14 15:32:58 [TRACE] dag/walk: added new vertex: "data.paas_org.admin"
2018/09/14 15:32:58 [TRACE] dag/walk: walking "data.paas_org.admin"
2018/09/14 15:32:58 [TRACE] vertex 'root.data.paas_org.admin': walking
2018/09/14 15:32:58 [TRACE] vertex 'root.data.paas_org.admin': evaluating
2018/09/14 15:32:58 [TRACE] [walkRefresh] Entering eval tree: data.paas_org.admin
2018/09/14 15:32:58 [TRACE] root: eval: *terraform.EvalSequence
2018/09/14 15:32:58 [TRACE] root: eval: *terraform.EvalWriteState
2018/09/14 15:32:58 [TRACE] root: eval: *terraform.EvalInterpolate
2018/09/14 15:32:58 [TRACE] root: eval: *terraform.EvalIf
2018/09/14 15:32:58 [TRACE] root: eval: terraform.EvalNoop
2018/09/14 15:32:58 [TRACE] root: eval: *terraform.EvalGetProvider
2018/09/14 15:32:58 [TRACE] root: eval: *terraform.EvalReadDataDiff
2018/09/14 15:32:58 [TRACE] root: eval: *terraform.EvalReadDataApply
2018-09-14T15:32:58.531+0100 [DEBUG] plugin.terraform-provider-paas: panic: interface conversion: interface {} is *main.ProviderConfig, not main.ProviderConfig
2018-09-14T15:32:58.531+0100 [DEBUG] plugin.terraform-provider-paas: 
2018-09-14T15:32:58.531+0100 [DEBUG] plugin.terraform-provider-paas: goroutine 69 [running]:
2018-09-14T15:32:58.532+0100 [DEBUG] plugin.terraform-provider-paas: main.dataOrgRead(0xc0004047e0, 0x18c3f00, 0xc0000b86c0, 0xc0004047e0, 0x0)
2018-09-14T15:32:58.532+0100 [DEBUG] plugin.terraform-provider-paas: 	/Users/tobylornewelchrichards/go/src/github.com/alphagov/paas-terraform-provider/data_org.go:28 +0x3bd
2018-09-14T15:32:58.532+0100 [DEBUG] plugin.terraform-provider-paas: github.com/hashicorp/terraform/helper/schema.(*Resource).ReadDataApply(0xc000361d50, 0xc000330420, 0x18c3f00, 0xc0000b86c0, 0xc00035f4d8, 0x10b9601, 0x18bc880)
2018-09-14T15:32:58.532+0100 [DEBUG] plugin.terraform-provider-paas: 	/Users/tobylornewelchrichards/go/src/github.com/hashicorp/terraform/helper/schema/resource.go:290 +0x88
2018-09-14T15:32:58.532+0100 [DEBUG] plugin.terraform-provider-paas: github.com/hashicorp/terraform/helper/schema.(*Provider).ReadDataApply(0xc000361dc0, 0xc00021a000, 0xc000330420, 0xc000352800, 0x18, 0x250f000)
2018-09-14T15:32:58.532+0100 [DEBUG] plugin.terraform-provider-paas: 	/Users/tobylornewelchrichards/go/src/github.com/hashicorp/terraform/helper/schema/provider.go:426 +0x92
2018-09-14T15:32:58.532+0100 [DEBUG] plugin.terraform-provider-paas: github.com/hashicorp/terraform/plugin.(*ResourceProviderServer).ReadDataApply(0xc0002f7320, 0xc000246010, 0xc000246180, 0x0, 0x0)
2018-09-14T15:32:58.532+0100 [DEBUG] plugin.terraform-provider-paas: 	/Users/tobylornewelchrichards/go/src/github.com/hashicorp/terraform/plugin/resource_provider.go:604 +0x4e
2018-09-14T15:32:58.532+0100 [DEBUG] plugin.terraform-provider-paas: reflect.Value.call(0xc0002f2720, 0xc0002fa648, 0x13, 0x1a5a55a, 0x4, 0xc000067f18, 0x3, 0x3, 0xc0001ff180, 0x0, ...)
2018-09-14T15:32:58.532+0100 [DEBUG] plugin.terraform-provider-paas: 	/usr/local/Cellar/go/1.11/libexec/src/reflect/value.go:447 +0x449
2018-09-14T15:32:58.532+0100 [DEBUG] plugin.terraform-provider-paas: reflect.Value.Call(0xc0002f2720, 0xc0002fa648, 0x13, 0xc000364718, 0x3, 0x3, 0x0, 0x0, 0x0)
2018-09-14T15:32:58.532+0100 [DEBUG] plugin.terraform-provider-paas: 	/usr/local/Cellar/go/1.11/libexec/src/reflect/value.go:308 +0xa4
2018-09-14T15:32:58.532+0100 [DEBUG] plugin.terraform-provider-paas: net/rpc.(*service).call(0xc00030d180, 0xc0003ba6e0, 0xc0002fc888, 0xc0002fc8a0, 0xc0003c9380, 0xc0002f7400, 0x18bc840, 0xc000246010, 0x16, 0x18bc880, ...)
2018-09-14T15:32:58.532+0100 [DEBUG] plugin.terraform-provider-paas: 	/usr/local/Cellar/go/1.11/libexec/src/net/rpc/server.go:384 +0x14e
2018-09-14T15:32:58.532+0100 [DEBUG] plugin.terraform-provider-paas: created by net/rpc.(*Server).ServeCodec
2018-09-14T15:32:58.532+0100 [DEBUG] plugin.terraform-provider-paas: 	/usr/local/Cellar/go/1.11/libexec/src/net/rpc/server.go:481 +0x47e
2018/09/14 15:32:58 [ERROR] root: eval: *terraform.EvalReadDataApply, err: data.paas_org.admin: unexpected EOF
2018/09/14 15:32:58 [ERROR] root: eval: *terraform.EvalSequence, err: data.paas_org.admin: unexpected EOF
2018/09/14 15:32:58 [TRACE] [walkRefresh] Exiting eval tree: data.paas_org.admin
2018/09/14 15:32:58 [TRACE] dag/walk: upstream errored, not walking "provider.paas (close)"
2018-09-14T15:32:58.536+0100 [DEBUG] plugin: plugin process exited: path=/Users/tobylornewelchrichards/go/src/github.com/alphagov/paas-terraform-provider/terraform-provider-paas
2018/09/14 15:32:58 [DEBUG] plugin: waiting for all plugin processes to complete...
2018-09-14T15:32:58.536+0100 [WARN ] plugin: error closing client during Kill: err="connection is shut down"
